<?xml version="1.0" encoding="UTF-8"?>
<!-- Generated by org.testng.reporters.JUnitReportReporter -->
<testsuite hostname="Priti" failures="0" tests="2" name="testCases.FormsPage_Test" time="32.234" errors="0" timestamp="2024-08-12T22:12:41 IST" skipped="0">
  <testcase classname="testCases.FormsPage_Test" name="RegisterTest" time="19.425"/>
  <system-out>
    <![CDATA[After Registration Page should become = https://www.tutorialspoint.com/selenium/practice/register.php#]]>
  </system-out>
  <testcase classname="testCases.FormsPage_Test" name="LogInToApplication" time="12.809"/>
  <system-out>
    <![CDATA[After LogIn Page should become = https://www.tutorialspoint.com/selenium/practice/login.php#]]>
  </system-out>
</testsuite> <!-- testCases.FormsPage_Test -->
