<?xml version="1.0" encoding="UTF-8"?>
<!-- Generated by org.testng.reporters.JUnitReportReporter -->
<testsuite hostname="Priti" failures="0" tests="1" name="testCases.FormsRegisterPage_Test" time="33.911" errors="0" timestamp="2024-08-12T21:18:00 IST" skipped="0">
  <testcase classname="testCases.FormsRegisterPage_Test" name="RegisterTest" time="33.911"/>
  <system-out>
    <![CDATA[After Registration Page should become = https://www.tutorialspoint.com/selenium/practice/register.php#]]>
  </system-out>
</testsuite> <!-- testCases.FormsRegisterPage_Test -->
