<?xml version="1.0" encoding="UTF-8"?>
<!-- Generated by org.testng.reporters.JUnitReportReporter -->
<testsuite hostname="Priti" failures="0" tests="2" name="testCases.FormsPageRegister_Test" time="24.213" errors="0" timestamp="2024-08-12T23:47:17 IST" skipped="0">
  <testcase classname="testCases.FormsPageRegister_Test" name="RegisterTest" time="15.309"/>
  <system-out>
    <![CDATA[After Registration Page should become = https://www.tutorialspoint.com/selenium/practice/register.php#]]>
  </system-out>
  <testcase classname="testCases.FormsPageRegister_Test" name="verifyBacktoLogInBtnTest" time="8.904"/>
  <system-out>
    <![CDATA[After Registration Page should become = https://www.tutorialspoint.com/selenium/practice/login.php]]>
  </system-out>
</testsuite> <!-- testCases.FormsPageRegister_Test -->
