<?xml version="1.0" encoding="UTF-8"?>
<!-- Generated by org.testng.reporters.JUnitReportReporter -->
<testsuite hostname="Priti" failures="0" tests="2" name="testCases.FormsPageLogIn_Test" time="20.129" errors="0" timestamp="2024-08-12T23:49:46 IST" skipped="0">
  <testcase classname="testCases.FormsPageLogIn_Test" name="LogInToApplicationTest" time="11.657"/>
  <system-out>
    <![CDATA[After LogIn Page should become = https://www.tutorialspoint.com/selenium/practice/login.php#]]>
  </system-out>
  <testcase classname="testCases.FormsPageLogIn_Test" name="verifyNewUserBtnTest" time="8.472"/>
  <system-out>
    <![CDATA[After LogIn Page should become = https://www.tutorialspoint.com/selenium/practice/register.php]]>
  </system-out>
</testsuite> <!-- testCases.FormsPageLogIn_Test -->
